[INFO ] 2020-02-09 14:55:47.592 [main] o.s.b.t.c.SpringBootTestContextBootstrapper - Neither @ContextConfiguration nor @ContextHierarchy found for test class [com.archevolution.chapter6.DictTests], using SpringBootContextLoader
[INFO ] 2020-02-09 14:55:47.609 [main] o.s.t.c.s.AbstractContextLoader - Could not detect default resource locations for test class [com.archevolution.chapter6.DictTests]: no resource found for suffixes {-context.xml, Context.groovy}.
[INFO ] 2020-02-09 14:55:47.925 [main] o.s.b.t.c.SpringBootTestContextBootstrapper - Loaded default TestExecutionListener class names from location [META-INF/spring.factories]: [org.springframework.boot.test.mock.mockito.MockitoTestExecutionListener, org.springframework.boot.test.mock.mockito.ResetMocksTestExecutionListener, org.springframework.boot.test.autoconfigure.restdocs.RestDocsTestExecutionListener, org.springframework.boot.test.autoconfigure.web.client.MockRestServiceServerResetTestExecutionListener, org.springframework.boot.test.autoconfigure.web.servlet.MockMvcPrintOnlyOnFailureTestExecutionListener, org.springframework.boot.test.autoconfigure.web.servlet.WebDriverTestExecutionListener, org.springframework.test.context.web.ServletTestExecutionListener, org.springframework.test.context.support.DirtiesContextBeforeModesTestExecutionListener, org.springframework.test.context.support.DependencyInjectionTestExecutionListener, org.springframework.test.context.support.DirtiesContextTestExecutionListener, org.springframework.test.context.transaction.TransactionalTestExecutionListener, org.springframework.test.context.jdbc.SqlScriptsTestExecutionListener, org.springframework.test.context.event.EventPublishingTestExecutionListener]
[INFO ] 2020-02-09 14:55:47.955 [main] o.s.b.t.c.SpringBootTestContextBootstrapper - Using TestExecutionListeners: [org.springframework.test.context.web.ServletTestExecutionListener@3af9c5b7, org.springframework.test.context.support.DirtiesContextBeforeModesTestExecutionListener@37271612, org.springframework.boot.test.mock.mockito.MockitoTestExecutionListener@ed7f8b4, org.springframework.boot.test.autoconfigure.SpringBootDependencyInjectionTestExecutionListener@4c309d4d, org.springframework.test.context.support.DirtiesContextTestExecutionListener@38102d01, org.springframework.test.context.transaction.TransactionalTestExecutionListener@37883b97, org.springframework.test.context.jdbc.SqlScriptsTestExecutionListener@6ab778a, org.springframework.test.context.event.EventPublishingTestExecutionListener@4e3958e7, org.springframework.boot.test.mock.mockito.ResetMocksTestExecutionListener@77f80c04, org.springframework.boot.test.autoconfigure.restdocs.RestDocsTestExecutionListener@1dac5ef, org.springframework.boot.test.autoconfigure.web.client.MockRestServiceServerResetTestExecutionListener@5c90e579, org.springframework.boot.test.autoconfigure.web.servlet.MockMvcPrintOnlyOnFailureTestExecutionListener@58ea606c, org.springframework.boot.test.autoconfigure.web.servlet.WebDriverTestExecutionListener@6f45df59]
[INFO ] 2020-02-09 14:55:48.699 [main] com.archevolution.chapter6.DictTests - Starting DictTests on lw with PID 11232 (started by liuwei in D:\GitHub\ArchitectureEvolution\chapter6)
[INFO ] 2020-02-09 14:55:48.701 [main] com.archevolution.chapter6.DictTests - No active profile set, falling back to default profiles: default
[INFO ] 2020-02-09 14:55:50.656 [main] o.s.d.r.c.RepositoryConfigurationDelegate - Bootstrapping Spring Data JPA repositories in DEFAULT mode.
[INFO ] 2020-02-09 14:55:50.778 [main] o.s.d.r.c.RepositoryConfigurationDelegate - Finished Spring Data repository scanning in 107ms. Found 2 JPA repository interfaces.
[INFO ] 2020-02-09 14:55:51.407 [main] o.s.c.s.PostProcessorRegistrationDelegate$BeanPostProcessorChecker - Bean 'org.springframework.transaction.annotation.ProxyTransactionManagementConfiguration' of type [org.springframework.transaction.annotation.ProxyTransactionManagementConfiguration] is not eligible for getting processed by all BeanPostProcessors (for example: not eligible for auto-proxying)
[INFO ] 2020-02-09 14:55:51.765 [main] com.zaxxer.hikari.HikariDataSource - HikariPool-1 - Starting...
[INFO ] 2020-02-09 14:55:53.572 [main] com.zaxxer.hikari.HikariDataSource - HikariPool-1 - Start completed.
[INFO ] 2020-02-09 14:55:53.682 [main] o.h.jpa.internal.util.LogHelper - HHH000204: Processing PersistenceUnitInfo [name: default]
[INFO ] 2020-02-09 14:55:53.935 [main] org.hibernate.Version - HHH000412: Hibernate Core {5.4.10.Final}
[INFO ] 2020-02-09 14:55:54.174 [main] o.h.annotations.common.Version - HCANN000001: Hibernate Commons Annotations {5.1.0.Final}
[INFO ] 2020-02-09 14:55:54.436 [main] org.hibernate.dialect.Dialect - HHH000400: Using dialect: org.hibernate.dialect.MySQL8Dialect
[INFO ] 2020-02-09 14:55:55.526 [main] o.h.e.t.j.p.i.JtaPlatformInitiator - HHH000490: Using JtaPlatform implementation: [org.hibernate.engine.transaction.jta.platform.internal.NoJtaPlatform]
[INFO ] 2020-02-09 14:55:55.547 [main] o.s.o.j.LocalContainerEntityManagerFactoryBean - Initialized JPA EntityManagerFactory for persistence unit 'default'
[INFO ] 2020-02-09 14:55:58.649 [main] o.s.s.c.ThreadPoolTaskExecutor - Initializing ExecutorService 'applicationTaskExecutor'
[INFO ] 2020-02-09 14:55:59.306 [main] com.archevolution.chapter6.DictTests - Started DictTests in 11.267 seconds (JVM running for 13.285)
[INFO ] 2020-02-09 14:55:59.596 [main] c.a.chapter6.service.DictService - Get data from cache
[INFO ] 2020-02-09 14:55:59.621 [SpringContextShutdownHook] o.s.s.c.ThreadPoolTaskExecutor - Shutting down ExecutorService 'applicationTaskExecutor'
[INFO ] 2020-02-09 14:55:59.626 [SpringContextShutdownHook] o.s.o.j.LocalContainerEntityManagerFactoryBean - Closing JPA EntityManagerFactory for persistence unit 'default'
[INFO ] 2020-02-09 14:55:59.632 [SpringContextShutdownHook] com.zaxxer.hikari.HikariDataSource - HikariPool-1 - Shutdown initiated...
[INFO ] 2020-02-09 14:55:59.658 [SpringContextShutdownHook] com.zaxxer.hikari.HikariDataSource - HikariPool-1 - Shutdown completed.
